{"/Users/monica/Documents/GitHub/react-Examples/TDD/aprendeVitest/src/fizzbuzz.js": {"path":"/Users/monica/Documents/GitHub/react-Examples/TDD/aprendeVitest/src/fizzbuzz.js","all":false,"statementMap":{"0":{"start":{"line":1,"column":0},"end":{"line":1,"column":2}},"1":{"start":{"line":2,"column":0},"end":{"line":2,"column":46}},"2":{"start":{"line":3,"column":0},"end":{"line":3,"column":41}},"3":{"start":{"line":4,"column":0},"end":{"line":4,"column":41}},"4":{"start":{"line":5,"column":0},"end":{"line":5,"column":49}},"5":{"start":{"line":6,"column":0},"end":{"line":6,"column":35}},"6":{"start":{"line":7,"column":0},"end":{"line":7,"column":34}},"7":{"start":{"line":8,"column":0},"end":{"line":8,"column":72}},"8":{"start":{"line":9,"column":0},"end":{"line":9,"column":2}},"9":{"start":{"line":10,"column":0},"end":{"line":10,"column":0}},"10":{"start":{"line":11,"column":0},"end":{"line":11,"column":37}},"11":{"start":{"line":12,"column":0},"end":{"line":12,"column":90}},"12":{"start":{"line":13,"column":0},"end":{"line":13,"column":84}},"13":{"start":{"line":14,"column":0},"end":{"line":14,"column":0}},"14":{"start":{"line":15,"column":0},"end":{"line":15,"column":43}},"15":{"start":{"line":16,"column":0},"end":{"line":16,"column":39}},"16":{"start":{"line":17,"column":0},"end":{"line":17,"column":40}},"17":{"start":{"line":18,"column":0},"end":{"line":18,"column":36}},"18":{"start":{"line":19,"column":0},"end":{"line":19,"column":0}},"19":{"start":{"line":20,"column":0},"end":{"line":20,"column":18}},"20":{"start":{"line":21,"column":0},"end":{"line":21,"column":3}},"21":{"start":{"line":22,"column":0},"end":{"line":22,"column":0}},"22":{"start":{"line":23,"column":0},"end":{"line":23,"column":0}},"23":{"start":{"line":24,"column":0},"end":{"line":24,"column":35}},"24":{"start":{"line":25,"column":0},"end":{"line":25,"column":35}},"25":{"start":{"line":26,"column":0},"end":{"line":26,"column":90}},"26":{"start":{"line":27,"column":0},"end":{"line":27,"column":84}},"27":{"start":{"line":28,"column":0},"end":{"line":28,"column":0}},"28":{"start":{"line":29,"column":0},"end":{"line":29,"column":56}},"29":{"start":{"line":30,"column":0},"end":{"line":30,"column":18}},"30":{"start":{"line":31,"column":0},"end":{"line":31,"column":0}},"31":{"start":{"line":32,"column":0},"end":{"line":32,"column":9}},"32":{"start":{"line":33,"column":0},"end":{"line":33,"column":24}},"33":{"start":{"line":34,"column":0},"end":{"line":34,"column":36}},"34":{"start":{"line":35,"column":0},"end":{"line":35,"column":52}},"35":{"start":{"line":36,"column":0},"end":{"line":36,"column":6}},"36":{"start":{"line":37,"column":0},"end":{"line":37,"column":0}},"37":{"start":{"line":38,"column":0},"end":{"line":38,"column":41}},"38":{"start":{"line":39,"column":0},"end":{"line":39,"column":1}}},"s":{"0":1,"1":1,"2":1,"3":1,"4":1,"5":1,"6":1,"7":1,"8":1,"9":1,"10":1,"11":1,"12":1,"13":1,"14":1,"15":1,"16":1,"17":1,"18":1,"19":1,"20":1,"21":1,"22":1,"23":1,"24":1,"25":17,"26":17,"27":13,"28":13,"29":13,"30":13,"31":13,"32":13,"33":13,"34":39,"35":13,"36":13,"37":17,"38":17},"branchMap":{"0":{"type":"branch","line":25,"loc":{"start":{"line":25,"column":24},"end":{"line":39,"column":1}},"locations":[{"start":{"line":25,"column":24},"end":{"line":39,"column":1}}]},"1":{"type":"branch","line":26,"loc":{"start":{"line":26,"column":35},"end":{"line":26,"column":90}},"locations":[{"start":{"line":26,"column":35},"end":{"line":26,"column":90}}]},"2":{"type":"branch","line":27,"loc":{"start":{"line":27,"column":-1},"end":{"line":27,"column":29}},"locations":[{"start":{"line":27,"column":-1},"end":{"line":27,"column":29}}]},"3":{"type":"branch","line":27,"loc":{"start":{"line":27,"column":29},"end":{"line":27,"column":84}},"locations":[{"start":{"line":27,"column":29},"end":{"line":27,"column":84}}]},"4":{"type":"branch","line":28,"loc":{"start":{"line":28,"column":-1},"end":{"line":38,"column":25}},"locations":[{"start":{"line":28,"column":-1},"end":{"line":38,"column":25}}]},"5":{"type":"branch","line":38,"loc":{"start":{"line":38,"column":25},"end":{"line":38,"column":33}},"locations":[{"start":{"line":38,"column":25},"end":{"line":38,"column":33}}]},"6":{"type":"branch","line":38,"loc":{"start":{"line":38,"column":33},"end":{"line":38,"column":41}},"locations":[{"start":{"line":38,"column":33},"end":{"line":38,"column":41}}]},"7":{"type":"branch","line":34,"loc":{"start":{"line":34,"column":13},"end":{"line":36,"column":5}},"locations":[{"start":{"line":34,"column":13},"end":{"line":36,"column":5}}]},"8":{"type":"branch","line":35,"loc":{"start":{"line":35,"column":38},"end":{"line":35,"column":52}},"locations":[{"start":{"line":35,"column":38},"end":{"line":35,"column":52}}]}},"b":{"0":[17],"1":[3],"2":[14],"3":[1],"4":[13],"5":[2],"6":[11],"7":[39],"8":[13]},"fnMap":{"0":{"name":"fizzbuzz","decl":{"start":{"line":25,"column":24},"end":{"line":39,"column":1}},"loc":{"start":{"line":25,"column":24},"end":{"line":39,"column":1}},"line":25}},"f":{"0":17}}
,"/Users/monica/Documents/GitHub/react-Examples/TDD/aprendeVitest/src/reactCalculator.jsx": {"path":"/Users/monica/Documents/GitHub/react-Examples/TDD/aprendeVitest/src/reactCalculator.jsx","all":false,"statementMap":{"0":{"start":{"line":1,"column":0},"end":{"line":1,"column":31}},"1":{"start":{"line":2,"column":0},"end":{"line":2,"column":33}},"2":{"start":{"line":3,"column":0},"end":{"line":3,"column":0}},"3":{"start":{"line":4,"column":0},"end":{"line":4,"column":53}},"4":{"start":{"line":5,"column":0},"end":{"line":5,"column":14}},"5":{"start":{"line":6,"column":0},"end":{"line":6,"column":14}},"6":{"start":{"line":7,"column":0},"end":{"line":7,"column":14}},"7":{"start":{"line":8,"column":0},"end":{"line":8,"column":14}},"8":{"start":{"line":9,"column":0},"end":{"line":9,"column":7}},"9":{"start":{"line":10,"column":0},"end":{"line":10,"column":1}},"10":{"start":{"line":11,"column":0},"end":{"line":11,"column":0}},"11":{"start":{"line":12,"column":0},"end":{"line":12,"column":46}},"12":{"start":{"line":13,"column":0},"end":{"line":13,"column":0}},"13":{"start":{"line":14,"column":0},"end":{"line":14,"column":28}},"14":{"start":{"line":15,"column":0},"end":{"line":15,"column":0}},"15":{"start":{"line":16,"column":0},"end":{"line":16,"column":32}},"16":{"start":{"line":17,"column":0},"end":{"line":17,"column":41}},"17":{"start":{"line":18,"column":0},"end":{"line":18,"column":0}},"18":{"start":{"line":19,"column":0},"end":{"line":19,"column":67}},"19":{"start":{"line":20,"column":0},"end":{"line":20,"column":0}},"20":{"start":{"line":21,"column":0},"end":{"line":21,"column":11}},"21":{"start":{"line":22,"column":0},"end":{"line":22,"column":17}},"22":{"start":{"line":23,"column":0},"end":{"line":23,"column":27}},"23":{"start":{"line":24,"column":0},"end":{"line":24,"column":39}},"24":{"start":{"line":25,"column":0},"end":{"line":25,"column":25}},"25":{"start":{"line":26,"column":0},"end":{"line":26,"column":36}},"26":{"start":{"line":27,"column":0},"end":{"line":27,"column":44}},"27":{"start":{"line":28,"column":0},"end":{"line":28,"column":34}},"28":{"start":{"line":29,"column":0},"end":{"line":29,"column":96}},"29":{"start":{"line":30,"column":0},"end":{"line":30,"column":19}},"30":{"start":{"line":31,"column":0},"end":{"line":31,"column":22}},"31":{"start":{"line":32,"column":0},"end":{"line":32,"column":16}},"32":{"start":{"line":33,"column":0},"end":{"line":33,"column":14}},"33":{"start":{"line":34,"column":0},"end":{"line":34,"column":44}},"34":{"start":{"line":35,"column":0},"end":{"line":35,"column":105}},"35":{"start":{"line":36,"column":0},"end":{"line":36,"column":19}},"36":{"start":{"line":37,"column":0},"end":{"line":37,"column":14}},"37":{"start":{"line":38,"column":0},"end":{"line":38,"column":82}},"38":{"start":{"line":39,"column":0},"end":{"line":39,"column":7}},"39":{"start":{"line":40,"column":0},"end":{"line":40,"column":14}},"40":{"start":{"line":41,"column":0},"end":{"line":41,"column":18}},"41":{"start":{"line":42,"column":0},"end":{"line":42,"column":5}},"42":{"start":{"line":43,"column":0},"end":{"line":43,"column":1}},"43":{"start":{"line":44,"column":0},"end":{"line":44,"column":0}},"44":{"start":{"line":45,"column":0},"end":{"line":45,"column":62}}},"s":{"0":1,"1":1,"2":1,"3":1,"4":1,"5":1,"6":1,"7":1,"8":1,"9":1,"10":1,"11":1,"12":1,"13":1,"14":1,"15":1,"16":22,"17":22,"18":22,"19":22,"20":22,"21":22,"22":22,"23":22,"24":22,"25":22,"26":88,"27":88,"28":220,"29":88,"30":88,"31":22,"32":22,"33":22,"34":88,"35":22,"36":22,"37":22,"38":22,"39":22,"40":22,"41":22,"42":11,"43":1,"44":1},"branchMap":{"0":{"type":"branch","line":4,"loc":{"start":{"line":4,"column":52},"end":{"line":4,"column":53}},"locations":[{"start":{"line":4,"column":52},"end":{"line":4,"column":53}}]},"1":{"type":"branch","line":12,"loc":{"start":{"line":12,"column":45},"end":{"line":12,"column":46}},"locations":[{"start":{"line":12,"column":45},"end":{"line":12,"column":46}}]},"2":{"type":"branch","line":14,"loc":{"start":{"line":14,"column":25},"end":{"line":14,"column":28}},"locations":[{"start":{"line":14,"column":25},"end":{"line":14,"column":28}}]},"3":{"type":"branch","line":16,"loc":{"start":{"line":16,"column":26},"end":{"line":43,"column":1}},"locations":[{"start":{"line":16,"column":26},"end":{"line":43,"column":1}}]},"4":{"type":"branch","line":19,"loc":{"start":{"line":19,"column":31},"end":{"line":19,"column":67}},"locations":[{"start":{"line":19,"column":31},"end":{"line":19,"column":67}}]},"5":{"type":"branch","line":19,"loc":{"start":{"line":19,"column":36},"end":{"line":19,"column":67}},"locations":[{"start":{"line":19,"column":36},"end":{"line":19,"column":67}}]},"6":{"type":"branch","line":26,"loc":{"start":{"line":26,"column":18},"end":{"line":31,"column":22}},"locations":[{"start":{"line":26,"column":18},"end":{"line":31,"column":22}}]},"7":{"type":"branch","line":28,"loc":{"start":{"line":28,"column":25},"end":{"line":29,"column":96}},"locations":[{"start":{"line":28,"column":25},"end":{"line":29,"column":96}}]},"8":{"type":"branch","line":34,"loc":{"start":{"line":34,"column":32},"end":{"line":35,"column":105}},"locations":[{"start":{"line":34,"column":32},"end":{"line":35,"column":105}}]},"9":{"type":"branch","line":38,"loc":{"start":{"line":38,"column":30},"end":{"line":38,"column":63}},"locations":[{"start":{"line":38,"column":30},"end":{"line":38,"column":63}}]},"10":{"type":"branch","line":43,"loc":{"start":{"line":43,"column":0},"end":{"line":43,"column":1}},"locations":[{"start":{"line":43,"column":0},"end":{"line":43,"column":1}}]}},"b":{"0":[1],"1":[1],"2":[1],"3":[22],"4":[308],"5":[10],"6":[88],"7":[220],"8":[88],"9":[1],"10":[11]},"fnMap":{"0":{"name":"get","decl":{"start":{"line":4,"column":52},"end":{"line":4,"column":53}},"loc":{"start":{"line":4,"column":52},"end":{"line":4,"column":53}},"line":4},"1":{"name":"get","decl":{"start":{"line":12,"column":45},"end":{"line":12,"column":46}},"loc":{"start":{"line":12,"column":45},"end":{"line":12,"column":46}},"line":12},"2":{"name":"get","decl":{"start":{"line":14,"column":25},"end":{"line":14,"column":28}},"loc":{"start":{"line":14,"column":25},"end":{"line":14,"column":28}},"line":14},"3":{"name":"Calculator","decl":{"start":{"line":16,"column":26},"end":{"line":43,"column":1}},"loc":{"start":{"line":16,"column":26},"end":{"line":43,"column":1}},"line":16},"4":{"name":"createHandlerClick","decl":{"start":{"line":19,"column":31},"end":{"line":19,"column":67}},"loc":{"start":{"line":19,"column":31},"end":{"line":19,"column":67}},"line":19},"5":{"name":"onClick","decl":{"start":{"line":38,"column":30},"end":{"line":38,"column":63}},"loc":{"start":{"line":38,"column":30},"end":{"line":38,"column":63}},"line":38},"6":{"name":"get","decl":{"start":{"line":43,"column":0},"end":{"line":43,"column":1}},"loc":{"start":{"line":43,"column":0},"end":{"line":43,"column":1}},"line":43}},"f":{"0":1,"1":1,"2":1,"3":22,"4":308,"5":1,"6":11}}
,"/Users/monica/Documents/GitHub/react-Examples/TDD/aprendeVitest/src/retoAdventjs.js": {"path":"/Users/monica/Documents/GitHub/react-Examples/TDD/aprendeVitest/src/retoAdventjs.js","all":false,"statementMap":{"0":{"start":{"line":1,"column":0},"end":{"line":1,"column":41}},"1":{"start":{"line":2,"column":0},"end":{"line":2,"column":66}},"2":{"start":{"line":3,"column":0},"end":{"line":3,"column":73}},"3":{"start":{"line":4,"column":0},"end":{"line":4,"column":70}},"4":{"start":{"line":5,"column":0},"end":{"line":5,"column":50}},"5":{"start":{"line":6,"column":0},"end":{"line":6,"column":0}},"6":{"start":{"line":7,"column":0},"end":{"line":7,"column":49}},"7":{"start":{"line":8,"column":0},"end":{"line":8,"column":33}},"8":{"start":{"line":9,"column":0},"end":{"line":9,"column":0}},"9":{"start":{"line":10,"column":0},"end":{"line":10,"column":69}},"10":{"start":{"line":11,"column":0},"end":{"line":11,"column":37}},"11":{"start":{"line":12,"column":0},"end":{"line":12,"column":0}},"12":{"start":{"line":13,"column":0},"end":{"line":13,"column":30}},"13":{"start":{"line":14,"column":0},"end":{"line":14,"column":39}},"14":{"start":{"line":15,"column":0},"end":{"line":15,"column":35}},"15":{"start":{"line":16,"column":0},"end":{"line":16,"column":31}},"16":{"start":{"line":17,"column":0},"end":{"line":17,"column":0}},"17":{"start":{"line":18,"column":0},"end":{"line":18,"column":57}},"18":{"start":{"line":19,"column":0},"end":{"line":19,"column":68}},"19":{"start":{"line":20,"column":0},"end":{"line":20,"column":0}},"20":{"start":{"line":21,"column":0},"end":{"line":21,"column":47}},"21":{"start":{"line":22,"column":0},"end":{"line":22,"column":0}},"22":{"start":{"line":23,"column":0},"end":{"line":23,"column":7}},"23":{"start":{"line":24,"column":0},"end":{"line":24,"column":0}},"24":{"start":{"line":25,"column":0},"end":{"line":25,"column":15}},"25":{"start":{"line":26,"column":0},"end":{"line":26,"column":1}}},"s":{"0":1,"1":8,"2":8,"3":8,"4":5,"5":5,"6":5,"7":8,"8":3,"9":3,"10":8,"11":2,"12":2,"13":8,"14":5,"15":5,"16":5,"17":5,"18":5,"19":4,"20":4,"21":4,"22":4,"23":1,"24":1,"25":1},"branchMap":{"0":{"type":"branch","line":2,"loc":{"start":{"line":2,"column":-1},"end":{"line":26,"column":1}},"locations":[{"start":{"line":2,"column":-1},"end":{"line":26,"column":1}}]},"1":{"type":"branch","line":3,"loc":{"start":{"line":3,"column":33},"end":{"line":3,"column":73}},"locations":[{"start":{"line":3,"column":33},"end":{"line":3,"column":73}}]},"2":{"type":"branch","line":4,"loc":{"start":{"line":4,"column":-1},"end":{"line":4,"column":32}},"locations":[{"start":{"line":4,"column":-1},"end":{"line":4,"column":32}}]},"3":{"type":"branch","line":4,"loc":{"start":{"line":4,"column":32},"end":{"line":4,"column":70}},"locations":[{"start":{"line":4,"column":32},"end":{"line":4,"column":70}}]},"4":{"type":"branch","line":5,"loc":{"start":{"line":5,"column":-1},"end":{"line":8,"column":21}},"locations":[{"start":{"line":5,"column":-1},"end":{"line":8,"column":21}}]},"5":{"type":"branch","line":8,"loc":{"start":{"line":8,"column":21},"end":{"line":8,"column":33}},"locations":[{"start":{"line":8,"column":21},"end":{"line":8,"column":33}}]},"6":{"type":"branch","line":9,"loc":{"start":{"line":9,"column":-1},"end":{"line":11,"column":25}},"locations":[{"start":{"line":9,"column":-1},"end":{"line":11,"column":25}}]},"7":{"type":"branch","line":11,"loc":{"start":{"line":11,"column":25},"end":{"line":11,"column":37}},"locations":[{"start":{"line":11,"column":25},"end":{"line":11,"column":37}}]},"8":{"type":"branch","line":12,"loc":{"start":{"line":12,"column":-1},"end":{"line":14,"column":38}},"locations":[{"start":{"line":12,"column":-1},"end":{"line":14,"column":38}}]},"9":{"type":"branch","line":14,"loc":{"start":{"line":14,"column":38},"end":{"line":23,"column":7}},"locations":[{"start":{"line":14,"column":38},"end":{"line":23,"column":7}}]},"10":{"type":"branch","line":19,"loc":{"start":{"line":19,"column":26},"end":{"line":19,"column":54}},"locations":[{"start":{"line":19,"column":26},"end":{"line":19,"column":54}}]},"11":{"type":"branch","line":19,"loc":{"start":{"line":19,"column":56},"end":{"line":19,"column":68}},"locations":[{"start":{"line":19,"column":56},"end":{"line":19,"column":68}}]},"12":{"type":"branch","line":20,"loc":{"start":{"line":20,"column":-1},"end":{"line":23,"column":7}},"locations":[{"start":{"line":20,"column":-1},"end":{"line":23,"column":7}}]},"13":{"type":"branch","line":24,"loc":{"start":{"line":24,"column":-1},"end":{"line":26,"column":1}},"locations":[{"start":{"line":24,"column":-1},"end":{"line":26,"column":1}}]}},"b":{"0":[8],"1":[2],"2":[6],"3":[1],"4":[5],"5":[2],"6":[3],"7":[1],"8":[2],"9":[5],"10":[1],"11":[1],"12":[4],"13":[1]},"fnMap":{"0":{"name":"retoAdventjs","decl":{"start":{"line":2,"column":-1},"end":{"line":26,"column":1}},"loc":{"start":{"line":2,"column":-1},"end":{"line":26,"column":1}},"line":2}},"f":{"0":8}}
}
