<?xml version="1.0" encoding="UTF-8"?>
<coverage generated="1677506474826" clover="3.2.0">
  <project timestamp="1677506474827" name="All files">
    <metrics statements="27" coveredstatements="27" conditionals="14" coveredconditionals="14" methods="3" coveredmethods="2" elements="44" coveredelements="43" complexity="0" loc="27" ncloc="27" packages="1" files="1" classes="1"/>
    <file name="fizzbuzz.js" path="/Users/monica/Documents/GitHub/react-Examples/ejercicioPruebaTecnicaV1/fizzbuzz.js">
      <metrics statements="27" coveredstatements="27" conditionals="14" coveredconditionals="14" methods="3" coveredmethods="2"/>
      <line num="1" count="108" type="cond" truecount="1" falsecount="0"/>
      <line num="2" count="108" type="cond" truecount="1" falsecount="0"/>
      <line num="3" count="1" type="stmt"/>
      <line num="4" count="1" type="cond" truecount="1" falsecount="0"/>
      <line num="5" count="107" type="stmt"/>
      <line num="6" count="107" type="stmt"/>
      <line num="7" count="108" type="cond" truecount="1" falsecount="0"/>
      <line num="8" count="1" type="stmt"/>
      <line num="9" count="108" type="cond" truecount="3" falsecount="0"/>
      <line num="10" count="7" type="stmt"/>
      <line num="11" count="108" type="cond" truecount="2" falsecount="0"/>
      <line num="12" count="29" type="stmt"/>
      <line num="13" count="108" type="cond" truecount="2" falsecount="0"/>
      <line num="14" count="16" type="stmt"/>
      <line num="15" count="16" type="cond" truecount="1" falsecount="0"/>
      <line num="16" count="54" type="stmt"/>
      <line num="17" count="54" type="stmt"/>
      <line num="18" count="1" type="stmt"/>
      <line num="19" count="1" type="cond" truecount="1" falsecount="0"/>
      <line num="20" count="1" type="cond" truecount="1" falsecount="0"/>
      <line num="21" count="101" type="stmt"/>
      <line num="22" count="101" type="stmt"/>
      <line num="23" count="1" type="stmt"/>
      <line num="24" count="1" type="stmt"/>
      <line num="25" count="1" type="stmt"/>
      <line num="26" count="1" type="stmt"/>
      <line num="27" count="1" type="stmt"/>
    </file>
  </project>
</coverage>
