{"/Users/monica/Documents/GitHub/react-Examples/ejercicioPruebaTecnicaV1/fizzbuzz.js": {"path":"/Users/monica/Documents/GitHub/react-Examples/ejercicioPruebaTecnicaV1/fizzbuzz.js","all":false,"statementMap":{"0":{"start":{"line":1,"column":0},"end":{"line":1,"column":23}},"1":{"start":{"line":2,"column":0},"end":{"line":2,"column":31}},"2":{"start":{"line":3,"column":0},"end":{"line":3,"column":54}},"3":{"start":{"line":4,"column":0},"end":{"line":4,"column":5}},"4":{"start":{"line":5,"column":0},"end":{"line":5,"column":58}},"5":{"start":{"line":6,"column":0},"end":{"line":6,"column":0}},"6":{"start":{"line":7,"column":0},"end":{"line":7,"column":18}},"7":{"start":{"line":8,"column":0},"end":{"line":8,"column":17}},"8":{"start":{"line":9,"column":0},"end":{"line":9,"column":83}},"9":{"start":{"line":10,"column":0},"end":{"line":10,"column":26}},"10":{"start":{"line":11,"column":0},"end":{"line":11,"column":45}},"11":{"start":{"line":12,"column":0},"end":{"line":12,"column":22}},"12":{"start":{"line":13,"column":0},"end":{"line":13,"column":46}},"13":{"start":{"line":14,"column":0},"end":{"line":14,"column":21}},"14":{"start":{"line":15,"column":0},"end":{"line":15,"column":5}},"15":{"start":{"line":16,"column":0},"end":{"line":16,"column":14}},"16":{"start":{"line":17,"column":0},"end":{"line":17,"column":1}},"17":{"start":{"line":18,"column":0},"end":{"line":18,"column":0}},"18":{"start":{"line":19,"column":0},"end":{"line":19,"column":21}},"19":{"start":{"line":20,"column":0},"end":{"line":20,"column":31}},"20":{"start":{"line":21,"column":0},"end":{"line":21,"column":43}},"21":{"start":{"line":22,"column":0},"end":{"line":22,"column":5}},"22":{"start":{"line":23,"column":0},"end":{"line":23,"column":1}},"23":{"start":{"line":24,"column":0},"end":{"line":24,"column":0}},"24":{"start":{"line":25,"column":0},"end":{"line":25,"column":10}},"25":{"start":{"line":26,"column":0},"end":{"line":26,"column":0}},"26":{"start":{"line":27,"column":0},"end":{"line":27,"column":26}}},"s":{"0":108,"1":108,"2":1,"3":1,"4":107,"5":107,"6":108,"7":1,"8":108,"9":7,"10":108,"11":29,"12":108,"13":16,"14":16,"15":54,"16":54,"17":1,"18":1,"19":1,"20":101,"21":101,"22":1,"23":1,"24":1,"25":1,"26":1},"branchMap":{"0":{"type":"branch","line":1,"loc":{"start":{"line":1,"column":0},"end":{"line":17,"column":1}},"locations":[{"start":{"line":1,"column":0},"end":{"line":17,"column":1}}]},"1":{"type":"branch","line":2,"loc":{"start":{"line":2,"column":30},"end":{"line":4,"column":5}},"locations":[{"start":{"line":2,"column":30},"end":{"line":4,"column":5}}]},"2":{"type":"branch","line":4,"loc":{"start":{"line":4,"column":4},"end":{"line":7,"column":17}},"locations":[{"start":{"line":4,"column":4},"end":{"line":7,"column":17}}]},"3":{"type":"branch","line":7,"loc":{"start":{"line":7,"column":17},"end":{"line":9,"column":6}},"locations":[{"start":{"line":7,"column":17},"end":{"line":9,"column":6}}]},"4":{"type":"branch","line":9,"loc":{"start":{"line":9,"column":4},"end":{"line":9,"column":26}},"locations":[{"start":{"line":9,"column":4},"end":{"line":9,"column":26}}]},"5":{"type":"branch","line":9,"loc":{"start":{"line":9,"column":22},"end":{"line":9,"column":39}},"locations":[{"start":{"line":9,"column":22},"end":{"line":9,"column":39}}]},"6":{"type":"branch","line":9,"loc":{"start":{"line":9,"column":82},"end":{"line":11,"column":6}},"locations":[{"start":{"line":9,"column":82},"end":{"line":11,"column":6}}]},"7":{"type":"branch","line":11,"loc":{"start":{"line":11,"column":4},"end":{"line":11,"column":44}},"locations":[{"start":{"line":11,"column":4},"end":{"line":11,"column":44}}]},"8":{"type":"branch","line":11,"loc":{"start":{"line":11,"column":44},"end":{"line":13,"column":6}},"locations":[{"start":{"line":11,"column":44},"end":{"line":13,"column":6}}]},"9":{"type":"branch","line":13,"loc":{"start":{"line":13,"column":4},"end":{"line":13,"column":45}},"locations":[{"start":{"line":13,"column":4},"end":{"line":13,"column":45}}]},"10":{"type":"branch","line":13,"loc":{"start":{"line":13,"column":45},"end":{"line":15,"column":5}},"locations":[{"start":{"line":13,"column":45},"end":{"line":15,"column":5}}]},"11":{"type":"branch","line":15,"loc":{"start":{"line":15,"column":4},"end":{"line":17,"column":1}},"locations":[{"start":{"line":15,"column":4},"end":{"line":17,"column":1}}]},"12":{"type":"branch","line":19,"loc":{"start":{"line":19,"column":0},"end":{"line":23,"column":1}},"locations":[{"start":{"line":19,"column":0},"end":{"line":23,"column":1}}]},"13":{"type":"branch","line":20,"loc":{"start":{"line":20,"column":30},"end":{"line":22,"column":5}},"locations":[{"start":{"line":20,"column":30},"end":{"line":22,"column":5}}]}},"b":{"0":[108],"1":[1],"2":[107],"3":[1],"4":[106],"5":[36],"6":[7],"7":[99],"8":[29],"9":[70],"10":[16],"11":[54],"12":[1],"13":[101]},"fnMap":{"0":{"name":"fizzbuzz","decl":{"start":{"line":1,"column":0},"end":{"line":17,"column":1}},"loc":{"start":{"line":1,"column":0},"end":{"line":17,"column":1}},"line":1},"1":{"name":"divisible","decl":{"start":{"line":5,"column":21},"end":{"line":5,"column":57}},"loc":{"start":{"line":5,"column":21},"end":{"line":5,"column":57}},"line":5},"2":{"name":"print","decl":{"start":{"line":19,"column":0},"end":{"line":23,"column":1}},"loc":{"start":{"line":19,"column":0},"end":{"line":23,"column":1}},"line":19}},"f":{"0":108,"1":0,"2":1}}
}
