TN:
SF:fizzbuzz.js
FN:1,fizzbuzz
FN:5,divisible
FN:19,print
FNF:3
FNH:2
FNDA:108,fizzbuzz
FNDA:0,divisible
FNDA:1,print
DA:1,108
DA:2,108
DA:3,1
DA:4,1
DA:5,107
DA:6,107
DA:7,108
DA:8,1
DA:9,108
DA:10,7
DA:11,108
DA:12,29
DA:13,108
DA:14,16
DA:15,16
DA:16,54
DA:17,54
DA:18,1
DA:19,1
DA:20,1
DA:21,101
DA:22,101
DA:23,1
DA:24,1
DA:25,1
DA:26,1
DA:27,1
LF:27
LH:27
BRDA:1,0,0,108
BRDA:2,1,0,1
BRDA:4,2,0,107
BRDA:7,3,0,1
BRDA:9,4,0,106
BRDA:9,5,0,36
BRDA:9,6,0,7
BRDA:11,7,0,99
BRDA:11,8,0,29
BRDA:13,9,0,70
BRDA:13,10,0,16
BRDA:15,11,0,54
BRDA:19,12,0,1
BRDA:20,13,0,101
BRF:14
BRH:14
end_of_record
